<?xml version="1.0" encoding="UTF-8"?>
<!-- Generated by org.testng.reporters.JUnitReportReporter -->
<testsuite skipped="1" hostname="HYD-LAP-0646" name="com.user.tests.UserGetTest" tests="7" failures="0" timestamp="2020-05-08T18:45:08 IST" time="6.472" errors="0">
  <testcase name="getAllUserName" time="1.194" classname="com.user.tests.UserGetTest"/>
  <system-out/>
  <testcase name="getSingleUser" time="0.869" classname="com.user.tests.UserGetTest"/>
  <system-out/>
  <testcase name="getSingleYearForUser" time="0.889" classname="com.user.tests.UserGetTest"/>
  <system-out/>
  <testcase name="getUsersPage" time="0.894" classname="com.user.tests.UserGetTest"/>
  <system-out/>
  <testcase name="getAllUsersInformation" time="1.718" classname="com.user.tests.UserGetTest"/>
  <system-out/>
  <testcase name="getSingleUserName" time="0.908" classname="com.user.tests.UserGetTest"/>
  <system-out/>
  <testcase name="getSingleUser1" classname="com.user.tests.UserGetTest">
    <skipped/>
  </testcase> <!-- getSingleUser1 -->
  <system-out/>
</testsuite> <!-- com.user.tests.UserGetTest -->
