<?xml version="1.0" encoding="UTF-8"?>
<!-- Generated by org.testng.reporters.JUnitReportReporter -->
<testsuite skipped="0" hostname="HYD-LAP-0646" name="com.user.tests.UserPostTest" tests="2" failures="0" timestamp="2020-05-08T18:45:08 IST" time="3.379" errors="0">
  <testcase name="createUser" time="2.470" classname="com.user.tests.UserPostTest"/>
  <system-out/>
  <testcase name="registerUnsuccessful" time="0.909" classname="com.user.tests.UserPostTest"/>
  <system-out/>
</testsuite> <!-- com.user.tests.UserPostTest -->
